app/build/intermediates/manifest_merge_blame_file/debug/manifest-merger-blame-debug-report.txt
1<?xml version="1.0" encoding="utf-8"?>
2<manifest xmlns:android="http://schemas.android.com/apk/res/android"
3    package="com.example.buddies"
4    android:versionCode="1"
5    android:versionName="1.0" >
6
7    <uses-sdk
8        android:minSdkVersion="21"
8-->src\main\AndroidManifest.xml
9        android:targetSdkVersion="31" />
9-->src\main\AndroidManifest.xml
10
11    <uses-permission android:name="android.permission.CAMERA" />
11-->src\main\AndroidManifest.xml:6:5-64
11-->src\main\AndroidManifest.xml:6:22-62
12    <uses-permission android:name="android.permission.READ_EXTERNAL_STORAGE" />
12-->src\main\AndroidManifest.xml:7:5-80
12-->src\main\AndroidManifest.xml:7:22-77
13    <uses-permission
13-->src\main\AndroidManifest.xml:8:5-10:37
14        android:name="android.permission.WRITE_EXTERNAL_STORAGE"
14-->src\main\AndroidManifest.xml:8:22-78
15        android:maxSdkVersion="18" />
15-->src\main\AndroidManifest.xml:10:9-35
16
17    <!--
18         The ACCESS_COARSE/FINE_LOCATION permissions are not required to use
19         Google Maps Android API v2, but you must specify either coarse or fine
20         location permissions for the "MyLocation" functionality.
21    -->
22    <uses-permission android:name="android.permission.ACCESS_FINE_LOCATION" />
22-->src\main\AndroidManifest.xml:17:5-79
22-->src\main\AndroidManifest.xml:17:22-76
23    <uses-permission android:name="android.permission.ACCESS_COARSE_LOCATION" />
23-->src\main\AndroidManifest.xml:18:5-81
23-->src\main\AndroidManifest.xml:18:22-78
24    <uses-permission android:name="android.permission.INTERNET" />
24-->src\main\AndroidManifest.xml:19:5-67
24-->src\main\AndroidManifest.xml:19:22-64
25    <uses-permission android:name="android.permission.ACCESS_NETWORK_STATE" />
25-->src\main\AndroidManifest.xml:20:5-78
25-->src\main\AndroidManifest.xml:20:22-76
26
27    <uses-feature
27-->[com.google.android.gms:play-services-maps:18.0.2] AndroidManifest.xml:26:5-28:35
28        android:glEsVersion="0x00020000"
28-->[com.google.android.gms:play-services-maps:18.0.2] AndroidManifest.xml:27:9-41
29        android:required="true" />
29-->[com.google.android.gms:play-services-maps:18.0.2] AndroidManifest.xml:28:9-32
30
31    <queries>
31-->[com.google.android.gms:play-services-maps:18.0.2] AndroidManifest.xml:30:5-34:15
32
33        <!-- Needs to be explicitly declared on Android R+ -->
34        <package android:name="com.google.android.apps.maps" />
34-->[com.google.android.gms:play-services-maps:18.0.2] AndroidManifest.xml:33:9-64
34-->[com.google.android.gms:play-services-maps:18.0.2] AndroidManifest.xml:33:18-61
35    </queries>
36    <!--
37        Use here networkSecurityConfig in order to solve the "Cleartext HTTP traffic not permitted" error
38        (Source: https://stackoverflow.com/a/50834600/2196301)
39    -->
40    <application
40-->src\main\AndroidManifest.xml:26:5-78:19
41        android:allowBackup="true"
41-->src\main\AndroidManifest.xml:27:9-35
42        android:appComponentFactory="androidx.core.app.CoreComponentFactory"
42-->[androidx.core:core:1.7.0] AndroidManifest.xml:24:18-86
43        android:debuggable="true"
44        android:icon="@mipmap/ic_launcher"
44-->src\main\AndroidManifest.xml:28:9-43
45        android:label="@string/app_name"
45-->src\main\AndroidManifest.xml:29:9-41
46        android:networkSecurityConfig="@xml/network_security_config"
46-->src\main\AndroidManifest.xml:33:9-69
47        android:roundIcon="@mipmap/ic_launcher_round"
47-->src\main\AndroidManifest.xml:30:9-54
48        android:supportsRtl="true"
48-->src\main\AndroidManifest.xml:31:9-35
49        android:testOnly="true"
50        android:theme="@style/Theme.Buddies" >
50-->src\main\AndroidManifest.xml:32:9-45
51        <provider
52            android:name="androidx.core.content.FileProvider"
52-->src\main\AndroidManifest.xml:37:13-62
53            android:authorities="com.example.android.fileprovidercom.example.buddies"
53-->src\main\AndroidManifest.xml:38:13-83
54            android:exported="false"
54-->src\main\AndroidManifest.xml:39:13-37
55            android:grantUriPermissions="true" >
55-->src\main\AndroidManifest.xml:40:13-47
56            <meta-data
56-->src\main\AndroidManifest.xml:41:13-43:54
57                android:name="android.support.FILE_PROVIDER_PATHS"
57-->src\main\AndroidManifest.xml:42:17-67
58                android:resource="@xml/file_paths" />
58-->src\main\AndroidManifest.xml:43:17-51
59        </provider>
60
61        <!--
62             The API key for Google Maps-based APIs is defined as a string resource.
63             (See the file "res/values/google_maps_api.xml").
64             Note that the API key is linked to the encryption key used to sign the APK.
65             You need a different API key for each encryption key, including the release key that is used to
66             sign the APK for publishing.
67             You can define the keys for the debug and release targets in src/debug/ and src/release/.
68        -->
69        <meta-data
69-->src\main\AndroidManifest.xml:54:9-56:55
70            android:name="com.google.android.geo.API_KEY"
70-->src\main\AndroidManifest.xml:55:13-58
71            android:value="@string/google_maps_key" />
71-->src\main\AndroidManifest.xml:56:13-52
72
73        <activity
73-->src\main\AndroidManifest.xml:59:9-65:20
74            android:name="com.example.buddies.activities.MainActivity"
74-->src\main\AndroidManifest.xml:60:13-52
75            android:configChanges="orientation"
75-->src\main\AndroidManifest.xml:62:13-48
76            android:exported="true"
76-->src\main\AndroidManifest.xml:61:13-36
77            android:launchMode="singleTask"
77-->src\main\AndroidManifest.xml:64:13-44
78            android:screenOrientation="portrait" >
78-->src\main\AndroidManifest.xml:63:13-49
79        </activity>
80        <activity
80-->src\main\AndroidManifest.xml:67:9-77:20
81            android:name="com.example.buddies.activities.SplashActivity"
81-->src\main\AndroidManifest.xml:67:19-60
82            android:configChanges="orientation"
82-->src\main\AndroidManifest.xml:69:13-48
83            android:exported="true"
83-->src\main\AndroidManifest.xml:68:13-36
84            android:launchMode="singleTask"
84-->src\main\AndroidManifest.xml:71:13-44
85            android:screenOrientation="portrait" >
85-->src\main\AndroidManifest.xml:70:13-49
86            <intent-filter>
86-->src\main\AndroidManifest.xml:72:13-75:29
87                <action android:name="android.intent.action.MAIN" />
87-->src\main\AndroidManifest.xml:73:17-69
87-->src\main\AndroidManifest.xml:73:25-66
88
89                <category android:name="android.intent.category.LAUNCHER" />
89-->src\main\AndroidManifest.xml:74:17-77
89-->src\main\AndroidManifest.xml:74:27-74
90            </intent-filter>
91        </activity>
92        <!-- Needs to be explicitly declared on P+ -->
93        <uses-library
93-->[com.google.android.gms:play-services-maps:18.0.2] AndroidManifest.xml:39:9-41:40
94            android:name="org.apache.http.legacy"
94-->[com.google.android.gms:play-services-maps:18.0.2] AndroidManifest.xml:40:13-50
95            android:required="false" />
95-->[com.google.android.gms:play-services-maps:18.0.2] AndroidManifest.xml:41:13-37
96
97        <activity
97-->[com.google.firebase:firebase-auth:21.0.3] AndroidManifest.xml:27:9-44:20
98            android:name="com.google.firebase.auth.internal.GenericIdpActivity"
98-->[com.google.firebase:firebase-auth:21.0.3] AndroidManifest.xml:28:13-80
99            android:excludeFromRecents="true"
99-->[com.google.firebase:firebase-auth:21.0.3] AndroidManifest.xml:29:13-46
100            android:exported="true"
100-->[com.google.firebase:firebase-auth:21.0.3] AndroidManifest.xml:30:13-36
101            android:launchMode="singleTask"
101-->[com.google.firebase:firebase-auth:21.0.3] AndroidManifest.xml:31:13-44
102            android:theme="@android:style/Theme.Translucent.NoTitleBar" >
102-->[com.google.firebase:firebase-auth:21.0.3] AndroidManifest.xml:32:13-72
103            <intent-filter>
103-->[com.google.firebase:firebase-auth:21.0.3] AndroidManifest.xml:33:13-43:29
104                <action android:name="android.intent.action.VIEW" />
104-->[com.google.firebase:firebase-auth:21.0.3] AndroidManifest.xml:34:17-69
104-->[com.google.firebase:firebase-auth:21.0.3] AndroidManifest.xml:34:25-66
105
106                <category android:name="android.intent.category.DEFAULT" />
106-->[com.google.firebase:firebase-auth:21.0.3] AndroidManifest.xml:36:17-76
106-->[com.google.firebase:firebase-auth:21.0.3] AndroidManifest.xml:36:27-73
107                <category android:name="android.intent.category.BROWSABLE" />
107-->[com.google.firebase:firebase-auth:21.0.3] AndroidManifest.xml:37:17-78
107-->[com.google.firebase:firebase-auth:21.0.3] AndroidManifest.xml:37:27-75
108
109                <data
109-->[com.google.firebase:firebase-auth:21.0.3] AndroidManifest.xml:39:17-42:51
110                    android:host="firebase.auth"
110-->[com.google.firebase:firebase-auth:21.0.3] AndroidManifest.xml:40:21-49
111                    android:path="/"
111-->[com.google.firebase:firebase-auth:21.0.3] AndroidManifest.xml:41:21-37
112                    android:scheme="genericidp" />
112-->[com.google.firebase:firebase-auth:21.0.3] AndroidManifest.xml:42:21-48
113            </intent-filter>
114        </activity>
115        <activity
115-->[com.google.firebase:firebase-auth:21.0.3] AndroidManifest.xml:45:9-62:20
116            android:name="com.google.firebase.auth.internal.RecaptchaActivity"
116-->[com.google.firebase:firebase-auth:21.0.3] AndroidManifest.xml:46:13-79
117            android:excludeFromRecents="true"
117-->[com.google.firebase:firebase-auth:21.0.3] AndroidManifest.xml:47:13-46
118            android:exported="true"
118-->[com.google.firebase:firebase-auth:21.0.3] AndroidManifest.xml:48:13-36
119            android:launchMode="singleTask"
119-->[com.google.firebase:firebase-auth:21.0.3] AndroidManifest.xml:49:13-44
120            android:theme="@android:style/Theme.Translucent.NoTitleBar" >
120-->[com.google.firebase:firebase-auth:21.0.3] AndroidManifest.xml:50:13-72
121            <intent-filter>
121-->[com.google.firebase:firebase-auth:21.0.3] AndroidManifest.xml:51:13-61:29
122                <action android:name="android.intent.action.VIEW" />
122-->[com.google.firebase:firebase-auth:21.0.3] AndroidManifest.xml:34:17-69
122-->[com.google.firebase:firebase-auth:21.0.3] AndroidManifest.xml:34:25-66
123
124                <category android:name="android.intent.category.DEFAULT" />
124-->[com.google.firebase:firebase-auth:21.0.3] AndroidManifest.xml:36:17-76
124-->[com.google.firebase:firebase-auth:21.0.3] AndroidManifest.xml:36:27-73
125                <category android:name="android.intent.category.BROWSABLE" />
125-->[com.google.firebase:firebase-auth:21.0.3] AndroidManifest.xml:37:17-78
125-->[com.google.firebase:firebase-auth:21.0.3] AndroidManifest.xml:37:27-75
126
127                <data
127-->[com.google.firebase:firebase-auth:21.0.3] AndroidManifest.xml:39:17-42:51
128                    android:host="firebase.auth"
128-->[com.google.firebase:firebase-auth:21.0.3] AndroidManifest.xml:40:21-49
129                    android:path="/"
129-->[com.google.firebase:firebase-auth:21.0.3] AndroidManifest.xml:41:21-37
130                    android:scheme="recaptcha" />
130-->[com.google.firebase:firebase-auth:21.0.3] AndroidManifest.xml:42:21-48
131            </intent-filter>
132        </activity>
133
134        <service
134-->[com.google.firebase:firebase-auth:21.0.3] AndroidManifest.xml:64:9-70:19
135            android:name="com.google.firebase.components.ComponentDiscoveryService"
135-->[com.google.firebase:firebase-auth:21.0.3] AndroidManifest.xml:65:13-84
136            android:directBootAware="true"
136-->[com.google.firebase:firebase-common:20.1.1] AndroidManifest.xml:35:13-43
137            android:exported="false" >
137-->[com.google.firebase:firebase-auth:21.0.3] AndroidManifest.xml:66:13-37
138            <meta-data
138-->[com.google.firebase:firebase-auth:21.0.3] AndroidManifest.xml:67:13-69:85
139                android:name="com.google.firebase.components:com.google.firebase.auth.FirebaseAuthRegistrar"
139-->[com.google.firebase:firebase-auth:21.0.3] AndroidManifest.xml:68:17-109
140                android:value="com.google.firebase.components.ComponentRegistrar" />
140-->[com.google.firebase:firebase-auth:21.0.3] AndroidManifest.xml:69:17-82
141            <meta-data
141-->[com.google.firebase:firebase-database:20.0.5] AndroidManifest.xml:32:13-34:85
142                android:name="com.google.firebase.components:com.google.firebase.database.DatabaseRegistrar"
142-->[com.google.firebase:firebase-database:20.0.5] AndroidManifest.xml:33:17-109
143                android:value="com.google.firebase.components.ComponentRegistrar" />
143-->[com.google.firebase:firebase-database:20.0.5] AndroidManifest.xml:34:17-82
144            <meta-data
144-->[com.google.firebase:firebase-storage:20.0.1] AndroidManifest.xml:33:13-35:85
145                android:name="com.google.firebase.components:com.google.firebase.storage.StorageRegistrar"
145-->[com.google.firebase:firebase-storage:20.0.1] AndroidManifest.xml:34:17-107
146                android:value="com.google.firebase.components.ComponentRegistrar" />
146-->[com.google.firebase:firebase-storage:20.0.1] AndroidManifest.xml:35:17-82
147        </service>
148
149        <activity
149-->[com.google.android.gms:play-services-base:18.0.1] AndroidManifest.xml:20:9-22:45
150            android:name="com.google.android.gms.common.api.GoogleApiActivity"
150-->[com.google.android.gms:play-services-base:18.0.1] AndroidManifest.xml:20:19-85
151            android:exported="false"
151-->[com.google.android.gms:play-services-base:18.0.1] AndroidManifest.xml:22:19-43
152            android:theme="@android:style/Theme.Translucent.NoTitleBar" />
152-->[com.google.android.gms:play-services-base:18.0.1] AndroidManifest.xml:21:19-78
153
154        <provider
154-->[com.google.firebase:firebase-common:20.1.1] AndroidManifest.xml:26:9-31:39
155            android:name="com.google.firebase.provider.FirebaseInitProvider"
155-->[com.google.firebase:firebase-common:20.1.1] AndroidManifest.xml:27:13-77
156            android:authorities="com.example.buddies.firebaseinitprovider"
156-->[com.google.firebase:firebase-common:20.1.1] AndroidManifest.xml:28:13-72
157            android:directBootAware="true"
157-->[com.google.firebase:firebase-common:20.1.1] AndroidManifest.xml:29:13-43
158            android:exported="false"
158-->[com.google.firebase:firebase-common:20.1.1] AndroidManifest.xml:30:13-37
159            android:initOrder="100" />
159-->[com.google.firebase:firebase-common:20.1.1] AndroidManifest.xml:31:13-36
160
161        <meta-data
161-->[com.google.android.gms:play-services-basement:18.0.0] AndroidManifest.xml:21:9-23:69
162            android:name="com.google.android.gms.version"
162-->[com.google.android.gms:play-services-basement:18.0.0] AndroidManifest.xml:22:13-58
163            android:value="@integer/google_play_services_version" />
163-->[com.google.android.gms:play-services-basement:18.0.0] AndroidManifest.xml:23:13-66
164
165        <provider
165-->[androidx.emoji2:emoji2:1.0.0] AndroidManifest.xml:26:9-34:20
166            android:name="androidx.startup.InitializationProvider"
166-->[androidx.emoji2:emoji2:1.0.0] AndroidManifest.xml:27:13-67
167            android:authorities="com.example.buddies.androidx-startup"
167-->[androidx.emoji2:emoji2:1.0.0] AndroidManifest.xml:28:13-68
168            android:exported="false" >
168-->[androidx.emoji2:emoji2:1.0.0] AndroidManifest.xml:29:13-37
169            <meta-data
169-->[androidx.emoji2:emoji2:1.0.0] AndroidManifest.xml:31:13-33:52
170                android:name="androidx.emoji2.text.EmojiCompatInitializer"
170-->[androidx.emoji2:emoji2:1.0.0] AndroidManifest.xml:32:17-75
171                android:value="androidx.startup" />
171-->[androidx.emoji2:emoji2:1.0.0] AndroidManifest.xml:33:17-49
172            <meta-data
172-->[androidx.lifecycle:lifecycle-process:2.4.0] AndroidManifest.xml:31:13-33:52
173                android:name="androidx.lifecycle.ProcessLifecycleInitializer"
173-->[androidx.lifecycle:lifecycle-process:2.4.0] AndroidManifest.xml:32:17-78
174                android:value="androidx.startup" />
174-->[androidx.lifecycle:lifecycle-process:2.4.0] AndroidManifest.xml:33:17-49
175        </provider>
176
177        <uses-library
177-->[androidx.window:window:1.0.0] AndroidManifest.xml:25:9-27:40
178            android:name="androidx.window.extensions"
178-->[androidx.window:window:1.0.0] AndroidManifest.xml:26:13-54
179            android:required="false" />
179-->[androidx.window:window:1.0.0] AndroidManifest.xml:27:13-37
180        <uses-library
180-->[androidx.window:window:1.0.0] AndroidManifest.xml:28:9-30:40
181            android:name="androidx.window.sidecar"
181-->[androidx.window:window:1.0.0] AndroidManifest.xml:29:13-51
182            android:required="false" />
182-->[androidx.window:window:1.0.0] AndroidManifest.xml:30:13-37
183    </application>
184
185</manifest>